20:38:52.968 [http-nio-8080-exec-1] DEBUG c.l.e.dao.UserMapper.selectForLogin - ==>  Preparing: select * from t_user where username=? and password=?
20:38:52.991 [http-nio-8080-exec-1] DEBUG c.l.e.dao.UserMapper.selectForLogin - ==> Parameters: admin(String), admin(String)
20:38:53.020 [http-nio-8080-exec-1] DEBUG c.l.e.dao.UserMapper.selectForLogin - <==      Total: 1
22:30:21.771 [http-nio-8080-exec-7] DEBUG c.l.e.dao.UserMapper.selectForLogin - ==>  Preparing: select * from t_user where username=? and password=?
22:30:21.827 [http-nio-8080-exec-7] DEBUG c.l.e.dao.UserMapper.selectForLogin - ==> Parameters: admin(String), admin(String)
22:30:21.942 [http-nio-8080-exec-7] DEBUG c.l.e.dao.UserMapper.selectForLogin - <==      Total: 1
23:29:21.164 [http-nio-8080-exec-6] DEBUG c.l.e.dao.UserMapper.selectForLogin - ==>  Preparing: select * from t_user where username=? and password=?
23:29:21.198 [http-nio-8080-exec-6] DEBUG c.l.e.dao.UserMapper.selectForLogin - ==> Parameters: admin(String), admin(String)
23:29:21.220 [http-nio-8080-exec-6] DEBUG c.l.e.dao.UserMapper.selectForLogin - <==      Total: 1
23:32:27.247 [http-nio-8080-exec-1] DEBUG c.l.e.d.E.selectBySelective_COUNT - ==>  Preparing: SELECT count(0) FROM emp w, emp m, dept d WHERE w.mgr = m.empno AND w.deptno = d.deptno
23:32:27.283 [http-nio-8080-exec-1] DEBUG c.l.e.d.E.selectBySelective_COUNT - ==> Parameters: 
23:32:27.347 [http-nio-8080-exec-1] DEBUG c.l.e.d.E.selectBySelective_COUNT - <==      Total: 1
23:32:27.350 [http-nio-8080-exec-1] DEBUG c.l.e.d.EmpMapper.selectBySelective - ==>  Preparing: select w.empno, w.ename, w.job, w.mgr, w.hiredate, w.sal, w.comm, w.deptno, m.ename mname, d.DNAME from emp w,emp m, dept d WHERE w.mgr=m.empno and w.deptno=d.deptno LIMIT ?
23:32:27.352 [http-nio-8080-exec-1] DEBUG c.l.e.d.EmpMapper.selectBySelective - ==> Parameters: 5(Integer)
23:32:27.357 [http-nio-8080-exec-1] DEBUG c.l.e.d.EmpMapper.selectBySelective - <==      Total: 5
23:32:36.661 [http-nio-8080-exec-9] DEBUG c.l.e.dao.UserMapper.selectForLogin - ==>  Preparing: select * from t_user where username=? and password=?
23:32:36.664 [http-nio-8080-exec-9] DEBUG c.l.e.dao.UserMapper.selectForLogin - ==> Parameters: admin(String), admin(String)
23:32:36.666 [http-nio-8080-exec-9] DEBUG c.l.e.dao.UserMapper.selectForLogin - <==      Total: 1
23:32:36.694 [http-nio-8080-exec-10] DEBUG c.l.e.d.E.selectBySelective_COUNT - ==>  Preparing: SELECT count(0) FROM emp w, emp m, dept d WHERE w.mgr = m.empno AND w.deptno = d.deptno
23:32:36.695 [http-nio-8080-exec-10] DEBUG c.l.e.d.E.selectBySelective_COUNT - ==> Parameters: 
23:32:36.698 [http-nio-8080-exec-10] DEBUG c.l.e.d.E.selectBySelective_COUNT - <==      Total: 1
23:32:36.699 [http-nio-8080-exec-10] DEBUG c.l.e.d.EmpMapper.selectBySelective - ==>  Preparing: select w.empno, w.ename, w.job, w.mgr, w.hiredate, w.sal, w.comm, w.deptno, m.ename mname, d.DNAME from emp w,emp m, dept d WHERE w.mgr=m.empno and w.deptno=d.deptno LIMIT ?
23:32:36.700 [http-nio-8080-exec-10] DEBUG c.l.e.d.EmpMapper.selectBySelective - ==> Parameters: 5(Integer)
23:32:36.704 [http-nio-8080-exec-10] DEBUG c.l.e.d.EmpMapper.selectBySelective - <==      Total: 5
23:36:11.914 [http-nio-8080-exec-7] DEBUG c.l.e.d.E.selectBySelective_COUNT - ==>  Preparing: SELECT count(0) FROM emp w, emp m, dept d WHERE w.mgr = m.empno AND w.deptno = d.deptno
23:36:11.916 [http-nio-8080-exec-7] DEBUG c.l.e.d.E.selectBySelective_COUNT - ==> Parameters: 
23:36:11.920 [http-nio-8080-exec-7] DEBUG c.l.e.d.E.selectBySelective_COUNT - <==      Total: 1
23:36:11.925 [http-nio-8080-exec-7] DEBUG c.l.e.d.EmpMapper.selectBySelective - ==>  Preparing: select w.empno, w.ename, w.job, w.mgr, w.hiredate, w.sal, w.comm, w.deptno, m.ename mname, d.DNAME from emp w,emp m, dept d WHERE w.mgr=m.empno and w.deptno=d.deptno LIMIT ?
23:36:11.925 [http-nio-8080-exec-7] DEBUG c.l.e.d.EmpMapper.selectBySelective - ==> Parameters: 5(Integer)
23:36:11.930 [http-nio-8080-exec-7] DEBUG c.l.e.d.EmpMapper.selectBySelective - <==      Total: 5
23:36:13.781 [http-nio-8080-exec-2] DEBUG c.l.e.d.E.selectBySelective_COUNT - ==>  Preparing: SELECT count(0) FROM emp w, emp m, dept d WHERE w.mgr = m.empno AND w.deptno = d.deptno
23:36:13.782 [http-nio-8080-exec-2] DEBUG c.l.e.d.E.selectBySelective_COUNT - ==> Parameters: 
23:36:13.784 [http-nio-8080-exec-2] DEBUG c.l.e.d.E.selectBySelective_COUNT - <==      Total: 1
23:36:13.785 [http-nio-8080-exec-2] DEBUG c.l.e.d.EmpMapper.selectBySelective - ==>  Preparing: select w.empno, w.ename, w.job, w.mgr, w.hiredate, w.sal, w.comm, w.deptno, m.ename mname, d.DNAME from emp w,emp m, dept d WHERE w.mgr=m.empno and w.deptno=d.deptno LIMIT ?
23:36:13.786 [http-nio-8080-exec-2] DEBUG c.l.e.d.EmpMapper.selectBySelective - ==> Parameters: 5(Integer)
23:36:13.794 [http-nio-8080-exec-2] DEBUG c.l.e.d.EmpMapper.selectBySelective - <==      Total: 5
23:38:05.546 [http-nio-8080-exec-1] DEBUG c.l.e.d.E.selectBySelective_COUNT - ==>  Preparing: SELECT count(0) FROM emp w, emp m, dept d WHERE w.mgr = m.empno AND w.deptno = d.deptno
23:38:05.584 [http-nio-8080-exec-1] DEBUG c.l.e.d.E.selectBySelective_COUNT - ==> Parameters: 
23:38:05.600 [http-nio-8080-exec-1] DEBUG c.l.e.d.E.selectBySelective_COUNT - <==      Total: 1
23:38:05.603 [http-nio-8080-exec-1] DEBUG c.l.e.d.EmpMapper.selectBySelective - ==>  Preparing: select w.empno, w.ename, w.job, w.mgr, w.hiredate, w.sal, w.comm, w.deptno, m.ename mname, d.DNAME from emp w,emp m, dept d WHERE w.mgr=m.empno and w.deptno=d.deptno LIMIT ?
23:38:05.604 [http-nio-8080-exec-1] DEBUG c.l.e.d.EmpMapper.selectBySelective - ==> Parameters: 5(Integer)
23:38:05.609 [http-nio-8080-exec-1] DEBUG c.l.e.d.EmpMapper.selectBySelective - <==      Total: 5
23:45:09.870 [http-nio-8080-exec-6] DEBUG c.l.e.dao.UserMapper.selectForLogin - ==>  Preparing: select * from t_user where username=? and password=?
23:45:09.906 [http-nio-8080-exec-6] DEBUG c.l.e.dao.UserMapper.selectForLogin - ==> Parameters: admin(String), admin(String)
23:45:09.930 [http-nio-8080-exec-6] DEBUG c.l.e.dao.UserMapper.selectForLogin - <==      Total: 1
23:45:10.070 [http-nio-8080-exec-7] DEBUG c.l.e.d.E.selectBySelective_COUNT - ==>  Preparing: SELECT count(0) FROM emp w, emp m, dept d WHERE w.mgr = m.empno AND w.deptno = d.deptno
23:45:10.072 [http-nio-8080-exec-7] DEBUG c.l.e.d.E.selectBySelective_COUNT - ==> Parameters: 
23:45:10.079 [http-nio-8080-exec-7] DEBUG c.l.e.d.E.selectBySelective_COUNT - <==      Total: 1
23:45:10.083 [http-nio-8080-exec-7] DEBUG c.l.e.d.EmpMapper.selectBySelective - ==>  Preparing: select w.empno, w.ename, w.job, w.mgr, w.hiredate, w.sal, w.comm, w.deptno, m.ename mname, d.DNAME from emp w,emp m, dept d WHERE w.mgr=m.empno and w.deptno=d.deptno LIMIT ?
23:45:10.084 [http-nio-8080-exec-7] DEBUG c.l.e.d.EmpMapper.selectBySelective - ==> Parameters: 5(Integer)
00:18:13.897 [http-nio-8080-exec-7] DEBUG c.l.e.dao.UserMapper.selectForLogin - ==>  Preparing: select * from t_user where username=? and password=?
00:18:13.930 [http-nio-8080-exec-7] DEBUG c.l.e.dao.UserMapper.selectForLogin - ==> Parameters: admin(String), admin(String)
00:18:13.950 [http-nio-8080-exec-7] DEBUG c.l.e.dao.UserMapper.selectForLogin - <==      Total: 1
00:18:14.038 [http-nio-8080-exec-10] DEBUG c.l.e.d.E.selectBySelective_COUNT - ==>  Preparing: SELECT count(0) FROM emp w, emp m, dept d WHERE w.mgr = m.empno AND w.deptno = d.deptno
00:18:14.038 [http-nio-8080-exec-10] DEBUG c.l.e.d.E.selectBySelective_COUNT - ==> Parameters: 
00:18:14.043 [http-nio-8080-exec-10] DEBUG c.l.e.d.E.selectBySelective_COUNT - <==      Total: 1
00:18:14.045 [http-nio-8080-exec-10] DEBUG c.l.e.d.EmpMapper.selectBySelective - ==>  Preparing: select w.empno, w.ename, w.job, w.mgr, w.hiredate, w.sal, w.comm, w.deptno, m.ename mname, d.DNAME from emp w,emp m, dept d WHERE w.mgr=m.empno and w.deptno=d.deptno LIMIT ?
00:18:14.045 [http-nio-8080-exec-10] DEBUG c.l.e.d.EmpMapper.selectBySelective - ==> Parameters: 5(Integer)
00:18:14.049 [http-nio-8080-exec-10] DEBUG c.l.e.d.EmpMapper.selectBySelective - <==      Total: 5
00:28:34.414 [http-nio-8080-exec-7] DEBUG c.l.e.dao.UserMapper.selectForLogin - ==>  Preparing: select * from t_user where username=? and password=?
00:28:34.447 [http-nio-8080-exec-7] DEBUG c.l.e.dao.UserMapper.selectForLogin - ==> Parameters: admin(String), admin(String)
00:28:34.466 [http-nio-8080-exec-7] DEBUG c.l.e.dao.UserMapper.selectForLogin - <==      Total: 1
00:28:34.555 [http-nio-8080-exec-8] DEBUG c.l.e.d.E.selectBySelective_COUNT - ==>  Preparing: SELECT count(0) FROM emp w, emp m, dept d WHERE w.mgr = m.empno AND w.deptno = d.deptno
00:28:34.556 [http-nio-8080-exec-8] DEBUG c.l.e.d.E.selectBySelective_COUNT - ==> Parameters: 
00:28:34.559 [http-nio-8080-exec-8] DEBUG c.l.e.d.E.selectBySelective_COUNT - <==      Total: 1
00:28:34.561 [http-nio-8080-exec-8] DEBUG c.l.e.d.EmpMapper.selectBySelective - ==>  Preparing: select w.empno, w.ename, w.job, w.mgr, w.hiredate, w.sal, w.comm, w.deptno, m.ename mname, d.DNAME from emp w,emp m, dept d WHERE w.mgr=m.empno and w.deptno=d.deptno LIMIT ?
00:28:34.562 [http-nio-8080-exec-8] DEBUG c.l.e.d.EmpMapper.selectBySelective - ==> Parameters: 5(Integer)
00:28:34.565 [http-nio-8080-exec-8] DEBUG c.l.e.d.EmpMapper.selectBySelective - <==      Total: 5
00:46:19.035 [http-nio-8080-exec-2] DEBUG c.l.e.d.E.selectBySelective_COUNT - ==>  Preparing: SELECT count(0) FROM emp w, emp m, dept d WHERE w.mgr = m.empno AND w.deptno = d.deptno
00:46:19.105 [http-nio-8080-exec-2] DEBUG c.l.e.d.E.selectBySelective_COUNT - ==> Parameters: 
00:46:19.131 [http-nio-8080-exec-2] DEBUG c.l.e.d.E.selectBySelective_COUNT - <==      Total: 1
00:46:19.134 [http-nio-8080-exec-2] DEBUG c.l.e.d.EmpMapper.selectBySelective - ==>  Preparing: select w.empno, w.ename, w.job, w.mgr, w.hiredate, w.sal, w.comm, w.deptno, m.ename mname, d.DNAME from emp w,emp m, dept d WHERE w.mgr=m.empno and w.deptno=d.deptno LIMIT ?
00:46:19.136 [http-nio-8080-exec-2] DEBUG c.l.e.d.EmpMapper.selectBySelective - ==> Parameters: 5(Integer)
00:46:19.142 [http-nio-8080-exec-2] DEBUG c.l.e.d.EmpMapper.selectBySelective - <==      Total: 5
00:52:33.747 [http-nio-8080-exec-1] DEBUG c.l.e.d.E.selectBySelective_COUNT - ==>  Preparing: SELECT count(0) FROM emp w, emp m, dept d WHERE w.mgr = m.empno AND w.deptno = d.deptno
00:52:33.789 [http-nio-8080-exec-1] DEBUG c.l.e.d.E.selectBySelective_COUNT - ==> Parameters: 
00:52:33.843 [http-nio-8080-exec-1] DEBUG c.l.e.d.E.selectBySelective_COUNT - <==      Total: 1
00:52:33.847 [http-nio-8080-exec-1] DEBUG c.l.e.d.EmpMapper.selectBySelective - ==>  Preparing: select w.empno, w.ename, w.job, w.mgr, w.hiredate, w.sal, w.comm, w.deptno, m.ename mname, d.DNAME from emp w,emp m, dept d WHERE w.mgr=m.empno and w.deptno=d.deptno LIMIT ?
00:52:33.849 [http-nio-8080-exec-1] DEBUG c.l.e.d.EmpMapper.selectBySelective - ==> Parameters: 5(Integer)
00:52:33.857 [http-nio-8080-exec-1] DEBUG c.l.e.d.EmpMapper.selectBySelective - <==      Total: 5
01:05:50.514 [http-nio-8080-exec-8] DEBUG c.l.e.d.E.selectBySelective_COUNT - ==>  Preparing: SELECT count(0) FROM emp w, emp m, dept d WHERE w.mgr = m.empno AND w.deptno = d.deptno AND w.ename LIKE ? AND w.deptno = ?
01:05:50.515 [http-nio-8080-exec-8] DEBUG c.l.e.d.E.selectBySelective_COUNT - ==> Parameters: %A%(String), (String)
01:05:50.518 [http-nio-8080-exec-8] DEBUG c.l.e.d.E.selectBySelective_COUNT - <==      Total: 1
01:05:53.747 [http-nio-8080-exec-4] DEBUG c.l.e.d.E.selectBySelective_COUNT - ==>  Preparing: SELECT count(0) FROM emp w, emp m, dept d WHERE w.mgr = m.empno AND w.deptno = d.deptno AND w.ename LIKE ? AND w.deptno = ?
01:05:53.748 [http-nio-8080-exec-4] DEBUG c.l.e.d.E.selectBySelective_COUNT - ==> Parameters: %A%(String), (String)
01:05:53.751 [http-nio-8080-exec-4] DEBUG c.l.e.d.E.selectBySelective_COUNT - <==      Total: 1
01:05:57.847 [http-nio-8080-exec-7] DEBUG c.l.e.d.E.selectBySelective_COUNT - ==>  Preparing: SELECT count(0) FROM emp w, emp m, dept d WHERE w.mgr = m.empno AND w.deptno = d.deptno AND w.ename LIKE ? AND w.deptno = ?
01:05:57.848 [http-nio-8080-exec-7] DEBUG c.l.e.d.E.selectBySelective_COUNT - ==> Parameters: %A%(String), (String)
01:05:57.850 [http-nio-8080-exec-7] DEBUG c.l.e.d.E.selectBySelective_COUNT - <==      Total: 1
01:06:03.802 [http-nio-8080-exec-1] DEBUG c.l.e.d.E.selectBySelective_COUNT - ==>  Preparing: SELECT count(0) FROM emp w, emp m, dept d WHERE w.mgr = m.empno AND w.deptno = d.deptno AND w.ename LIKE ? AND w.deptno = ?
01:06:03.805 [http-nio-8080-exec-1] DEBUG c.l.e.d.E.selectBySelective_COUNT - ==> Parameters: %A%(String), (String)
01:06:03.809 [http-nio-8080-exec-1] DEBUG c.l.e.d.E.selectBySelective_COUNT - <==      Total: 1
10:17:27.125 [http-nio-8080-exec-10] DEBUG c.l.e.dao.UserMapper.selectForLogin - ==>  Preparing: select * from t_user where username=? and password=?
10:17:27.161 [http-nio-8080-exec-10] DEBUG c.l.e.dao.UserMapper.selectForLogin - ==> Parameters: admin(String), admin(String)
10:17:27.179 [http-nio-8080-exec-10] DEBUG c.l.e.dao.UserMapper.selectForLogin - <==      Total: 1
10:17:27.414 [http-nio-8080-exec-3] DEBUG c.l.e.d.E.selectBySelective_COUNT - ==>  Preparing: SELECT count(0) FROM emp w, emp m, dept d WHERE w.mgr = m.empno AND w.deptno = d.deptno
10:17:27.415 [http-nio-8080-exec-3] DEBUG c.l.e.d.E.selectBySelective_COUNT - ==> Parameters: 
10:17:27.421 [http-nio-8080-exec-3] DEBUG c.l.e.d.E.selectBySelective_COUNT - <==      Total: 1
10:17:27.423 [http-nio-8080-exec-3] DEBUG c.l.e.d.EmpMapper.selectBySelective - ==>  Preparing: select w.empno, w.ename, w.job, w.mgr, w.hiredate, w.sal, w.comm, w.deptno, m.ename mname, d.DNAME from emp w,emp m, dept d WHERE w.mgr=m.empno and w.deptno=d.deptno LIMIT ?
10:17:27.425 [http-nio-8080-exec-3] DEBUG c.l.e.d.EmpMapper.selectBySelective - ==> Parameters: 5(Integer)
10:17:27.431 [http-nio-8080-exec-3] DEBUG c.l.e.d.EmpMapper.selectBySelective - <==      Total: 5
10:17:36.771 [http-nio-8080-exec-5] DEBUG c.l.e.d.E.selectBySelective_COUNT - ==>  Preparing: SELECT count(0) FROM emp w, emp m, dept d WHERE w.mgr = m.empno AND w.deptno = d.deptno AND w.ename LIKE ? AND w.deptno = ?
10:17:36.773 [http-nio-8080-exec-5] DEBUG c.l.e.d.E.selectBySelective_COUNT - ==> Parameters: %A%(String), (String)
10:17:36.777 [http-nio-8080-exec-5] DEBUG c.l.e.d.E.selectBySelective_COUNT - <==      Total: 1
10:17:49.746 [http-nio-8080-exec-9] DEBUG c.l.e.d.E.selectBySelective_COUNT - ==>  Preparing: SELECT count(0) FROM emp w, emp m, dept d WHERE w.mgr = m.empno AND w.deptno = d.deptno AND w.deptno = ?
10:17:49.747 [http-nio-8080-exec-9] DEBUG c.l.e.d.E.selectBySelective_COUNT - ==> Parameters: (String)
10:17:49.751 [http-nio-8080-exec-9] DEBUG c.l.e.d.E.selectBySelective_COUNT - <==      Total: 1
10:17:51.055 [http-nio-8080-exec-4] DEBUG c.l.e.d.E.selectBySelective_COUNT - ==>  Preparing: SELECT count(0) FROM emp w, emp m, dept d WHERE w.mgr = m.empno AND w.deptno = d.deptno AND w.deptno = ?
10:17:51.058 [http-nio-8080-exec-4] DEBUG c.l.e.d.E.selectBySelective_COUNT - ==> Parameters: (String)
10:17:51.064 [http-nio-8080-exec-4] DEBUG c.l.e.d.E.selectBySelective_COUNT - <==      Total: 1
10:17:52.695 [http-nio-8080-exec-7] DEBUG c.l.e.d.E.selectBySelective_COUNT - ==>  Preparing: SELECT count(0) FROM emp w, emp m, dept d WHERE w.mgr = m.empno AND w.deptno = d.deptno AND w.deptno = ?
10:17:52.696 [http-nio-8080-exec-7] DEBUG c.l.e.d.E.selectBySelective_COUNT - ==> Parameters: (String)
10:17:52.699 [http-nio-8080-exec-7] DEBUG c.l.e.d.E.selectBySelective_COUNT - <==      Total: 1
10:18:28.261 [http-nio-8080-exec-8] DEBUG c.l.e.d.E.selectBySelective_COUNT - ==>  Preparing: SELECT count(0) FROM emp w, emp m, dept d WHERE w.mgr = m.empno AND w.deptno = d.deptno AND w.ename LIKE ? AND w.job = ? AND w.deptno = ?
10:18:28.264 [http-nio-8080-exec-8] DEBUG c.l.e.d.E.selectBySelective_COUNT - ==> Parameters: %A%(String), click(String), 30(String)
10:18:28.268 [http-nio-8080-exec-8] DEBUG c.l.e.d.E.selectBySelective_COUNT - <==      Total: 1
10:20:45.495 [http-nio-8080-exec-10] DEBUG c.l.e.dao.UserMapper.selectForLogin - ==>  Preparing: select * from t_user where username=? and password=?
10:20:45.496 [http-nio-8080-exec-10] DEBUG c.l.e.dao.UserMapper.selectForLogin - ==> Parameters: admin(String), admin(String)
10:20:45.498 [http-nio-8080-exec-10] DEBUG c.l.e.dao.UserMapper.selectForLogin - <==      Total: 1
10:20:45.510 [http-nio-8080-exec-6] DEBUG c.l.e.d.E.selectBySelective_COUNT - ==>  Preparing: SELECT count(0) FROM emp w, emp m, dept d WHERE w.mgr = m.empno AND w.deptno = d.deptno
10:20:45.511 [http-nio-8080-exec-6] DEBUG c.l.e.d.E.selectBySelective_COUNT - ==> Parameters: 
10:20:45.514 [http-nio-8080-exec-6] DEBUG c.l.e.d.E.selectBySelective_COUNT - <==      Total: 1
10:20:45.515 [http-nio-8080-exec-6] DEBUG c.l.e.d.EmpMapper.selectBySelective - ==>  Preparing: select w.empno, w.ename, w.job, w.mgr, w.hiredate, w.sal, w.comm, w.deptno, m.ename mname, d.DNAME from emp w,emp m, dept d WHERE w.mgr=m.empno and w.deptno=d.deptno LIMIT ?
10:20:45.515 [http-nio-8080-exec-6] DEBUG c.l.e.d.EmpMapper.selectBySelective - ==> Parameters: 5(Integer)
10:20:45.518 [http-nio-8080-exec-6] DEBUG c.l.e.d.EmpMapper.selectBySelective - <==      Total: 5
10:21:05.969 [http-nio-8080-exec-8] DEBUG c.l.e.d.E.selectBySelective_COUNT - ==>  Preparing: SELECT count(0) FROM emp w, emp m, dept d WHERE w.mgr = m.empno AND w.deptno = d.deptno AND w.ename LIKE ? AND w.job = ? AND w.deptno = ?
10:21:05.970 [http-nio-8080-exec-8] DEBUG c.l.e.d.E.selectBySelective_COUNT - ==> Parameters: %A%(String), ANALYST(String), (String)
10:21:05.975 [http-nio-8080-exec-8] DEBUG c.l.e.d.E.selectBySelective_COUNT - <==      Total: 1
10:30:58.475 [http-nio-8080-exec-9] DEBUG c.l.e.dao.UserMapper.selectForLogin - ==>  Preparing: select * from t_user where username=? and password=?
10:30:58.511 [http-nio-8080-exec-9] DEBUG c.l.e.dao.UserMapper.selectForLogin - ==> Parameters: admin(String), admin(String)
10:30:58.560 [http-nio-8080-exec-9] DEBUG c.l.e.dao.UserMapper.selectForLogin - <==      Total: 1
10:30:58.677 [http-nio-8080-exec-10] DEBUG c.l.e.d.E.selectBySelective_COUNT - ==>  Preparing: SELECT count(0) FROM emp w, emp m, dept d WHERE w.mgr = m.empno AND w.deptno = d.deptno
10:30:58.678 [http-nio-8080-exec-10] DEBUG c.l.e.d.E.selectBySelective_COUNT - ==> Parameters: 
10:30:58.681 [http-nio-8080-exec-10] DEBUG c.l.e.d.E.selectBySelective_COUNT - <==      Total: 1
10:30:58.683 [http-nio-8080-exec-10] DEBUG c.l.e.d.EmpMapper.selectBySelective - ==>  Preparing: select w.empno, w.ename, w.job, w.mgr, w.hiredate, w.sal, w.comm, w.deptno, m.ename mname, d.dname from emp w,emp m, dept d WHERE w.mgr=m.empno and w.deptno=d.deptno LIMIT ?
10:30:58.684 [http-nio-8080-exec-10] DEBUG c.l.e.d.EmpMapper.selectBySelective - ==> Parameters: 5(Integer)
10:30:58.689 [http-nio-8080-exec-10] DEBUG c.l.e.d.EmpMapper.selectBySelective - <==      Total: 5
10:31:10.770 [http-nio-8080-exec-3] DEBUG c.l.e.d.E.selectBySelective_COUNT - ==>  Preparing: SELECT count(0) FROM emp w, emp m, dept d WHERE w.mgr = m.empno AND w.deptno = d.deptno
10:31:10.770 [http-nio-8080-exec-3] DEBUG c.l.e.d.E.selectBySelective_COUNT - ==> Parameters: 
10:31:10.772 [http-nio-8080-exec-3] DEBUG c.l.e.d.E.selectBySelective_COUNT - <==      Total: 1
10:31:10.773 [http-nio-8080-exec-3] DEBUG c.l.e.d.EmpMapper.selectBySelective - ==>  Preparing: select w.empno, w.ename, w.job, w.mgr, w.hiredate, w.sal, w.comm, w.deptno, m.ename mname, d.dname from emp w,emp m, dept d WHERE w.mgr=m.empno and w.deptno=d.deptno LIMIT ?, ?
10:31:10.774 [http-nio-8080-exec-3] DEBUG c.l.e.d.EmpMapper.selectBySelective - ==> Parameters: 5(Integer), 5(Integer)
10:31:10.779 [http-nio-8080-exec-3] DEBUG c.l.e.d.EmpMapper.selectBySelective - <==      Total: 5
10:31:13.142 [http-nio-8080-exec-8] DEBUG c.l.e.d.E.selectBySelective_COUNT - ==>  Preparing: SELECT count(0) FROM emp w, emp m, dept d WHERE w.mgr = m.empno AND w.deptno = d.deptno
10:31:13.144 [http-nio-8080-exec-8] DEBUG c.l.e.d.E.selectBySelective_COUNT - ==> Parameters: 
10:31:13.146 [http-nio-8080-exec-8] DEBUG c.l.e.d.E.selectBySelective_COUNT - <==      Total: 1
10:31:13.146 [http-nio-8080-exec-8] DEBUG c.l.e.d.EmpMapper.selectBySelective - ==>  Preparing: select w.empno, w.ename, w.job, w.mgr, w.hiredate, w.sal, w.comm, w.deptno, m.ename mname, d.dname from emp w,emp m, dept d WHERE w.mgr=m.empno and w.deptno=d.deptno LIMIT ?, ?
10:31:13.147 [http-nio-8080-exec-8] DEBUG c.l.e.d.EmpMapper.selectBySelective - ==> Parameters: 10(Integer), 5(Integer)
10:31:13.152 [http-nio-8080-exec-8] DEBUG c.l.e.d.EmpMapper.selectBySelective - <==      Total: 5
10:31:14.566 [http-nio-8080-exec-2] DEBUG c.l.e.d.E.selectBySelective_COUNT - ==>  Preparing: SELECT count(0) FROM emp w, emp m, dept d WHERE w.mgr = m.empno AND w.deptno = d.deptno
10:31:14.567 [http-nio-8080-exec-2] DEBUG c.l.e.d.E.selectBySelective_COUNT - ==> Parameters: 
10:31:14.570 [http-nio-8080-exec-2] DEBUG c.l.e.d.E.selectBySelective_COUNT - <==      Total: 1
10:31:14.571 [http-nio-8080-exec-2] DEBUG c.l.e.d.EmpMapper.selectBySelective - ==>  Preparing: select w.empno, w.ename, w.job, w.mgr, w.hiredate, w.sal, w.comm, w.deptno, m.ename mname, d.dname from emp w,emp m, dept d WHERE w.mgr=m.empno and w.deptno=d.deptno LIMIT ?, ?
10:31:14.571 [http-nio-8080-exec-2] DEBUG c.l.e.d.EmpMapper.selectBySelective - ==> Parameters: 15(Integer), 5(Integer)
10:31:14.581 [http-nio-8080-exec-2] DEBUG c.l.e.d.EmpMapper.selectBySelective - <==      Total: 1
10:31:16.340 [http-nio-8080-exec-6] DEBUG c.l.e.d.E.selectBySelective_COUNT - ==>  Preparing: SELECT count(0) FROM emp w, emp m, dept d WHERE w.mgr = m.empno AND w.deptno = d.deptno
10:31:16.342 [http-nio-8080-exec-6] DEBUG c.l.e.d.E.selectBySelective_COUNT - ==> Parameters: 
10:31:16.344 [http-nio-8080-exec-6] DEBUG c.l.e.d.E.selectBySelective_COUNT - <==      Total: 1
10:31:16.345 [http-nio-8080-exec-6] DEBUG c.l.e.d.EmpMapper.selectBySelective - ==>  Preparing: select w.empno, w.ename, w.job, w.mgr, w.hiredate, w.sal, w.comm, w.deptno, m.ename mname, d.dname from emp w,emp m, dept d WHERE w.mgr=m.empno and w.deptno=d.deptno LIMIT ?
10:31:16.346 [http-nio-8080-exec-6] DEBUG c.l.e.d.EmpMapper.selectBySelective - ==> Parameters: 5(Integer)
10:31:16.351 [http-nio-8080-exec-6] DEBUG c.l.e.d.EmpMapper.selectBySelective - <==      Total: 5
10:31:27.097 [http-nio-8080-exec-10] DEBUG c.l.e.d.E.selectBySelective_COUNT - ==>  Preparing: SELECT count(0) FROM emp w, emp m, dept d WHERE w.mgr = m.empno AND w.deptno = d.deptno
10:31:27.098 [http-nio-8080-exec-10] DEBUG c.l.e.d.E.selectBySelective_COUNT - ==> Parameters: 
10:31:27.101 [http-nio-8080-exec-10] DEBUG c.l.e.d.E.selectBySelective_COUNT - <==      Total: 1
10:31:27.103 [http-nio-8080-exec-10] DEBUG c.l.e.d.EmpMapper.selectBySelective - ==>  Preparing: select w.empno, w.ename, w.job, w.mgr, w.hiredate, w.sal, w.comm, w.deptno, m.ename mname, d.dname from emp w,emp m, dept d WHERE w.mgr=m.empno and w.deptno=d.deptno LIMIT ?, ?
10:31:27.105 [http-nio-8080-exec-10] DEBUG c.l.e.d.EmpMapper.selectBySelective - ==> Parameters: 5(Integer), 5(Integer)
10:31:27.110 [http-nio-8080-exec-10] DEBUG c.l.e.d.EmpMapper.selectBySelective - <==      Total: 5
10:31:29.251 [http-nio-8080-exec-3] DEBUG c.l.e.d.E.selectBySelective_COUNT - ==>  Preparing: SELECT count(0) FROM emp w, emp m, dept d WHERE w.mgr = m.empno AND w.deptno = d.deptno
10:31:29.252 [http-nio-8080-exec-3] DEBUG c.l.e.d.E.selectBySelective_COUNT - ==> Parameters: 
10:31:29.255 [http-nio-8080-exec-3] DEBUG c.l.e.d.E.selectBySelective_COUNT - <==      Total: 1
10:31:29.256 [http-nio-8080-exec-3] DEBUG c.l.e.d.EmpMapper.selectBySelective - ==>  Preparing: select w.empno, w.ename, w.job, w.mgr, w.hiredate, w.sal, w.comm, w.deptno, m.ename mname, d.dname from emp w,emp m, dept d WHERE w.mgr=m.empno and w.deptno=d.deptno LIMIT ?, ?
10:31:29.257 [http-nio-8080-exec-3] DEBUG c.l.e.d.EmpMapper.selectBySelective - ==> Parameters: 10(Integer), 5(Integer)
10:31:29.261 [http-nio-8080-exec-3] DEBUG c.l.e.d.EmpMapper.selectBySelective - <==      Total: 5
10:31:34.440 [http-nio-8080-exec-5] DEBUG c.l.e.d.E.selectBySelective_COUNT - ==>  Preparing: SELECT count(0) FROM emp w, emp m, dept d WHERE w.mgr = m.empno AND w.deptno = d.deptno AND w.ename LIKE ? AND w.deptno = ?
10:31:34.442 [http-nio-8080-exec-5] DEBUG c.l.e.d.E.selectBySelective_COUNT - ==> Parameters: %A%(String), (String)
10:31:34.446 [http-nio-8080-exec-5] DEBUG c.l.e.d.E.selectBySelective_COUNT - <==      Total: 1
10:36:45.199 [http-nio-8080-exec-4] DEBUG c.l.e.dao.UserMapper.selectForLogin - ==>  Preparing: select * from t_user where username=? and password=?
10:36:45.233 [http-nio-8080-exec-4] DEBUG c.l.e.dao.UserMapper.selectForLogin - ==> Parameters: admin(String), admin(String)
10:36:45.248 [http-nio-8080-exec-4] DEBUG c.l.e.dao.UserMapper.selectForLogin - <==      Total: 1
10:36:45.360 [http-nio-8080-exec-7] DEBUG c.l.e.d.E.selectBySelective_COUNT - ==>  Preparing: SELECT count(0) FROM emp w, emp m, dept d WHERE w.mgr = m.empno AND w.deptno = d.deptno
10:36:45.362 [http-nio-8080-exec-7] DEBUG c.l.e.d.E.selectBySelective_COUNT - ==> Parameters: 
10:36:45.365 [http-nio-8080-exec-7] DEBUG c.l.e.d.E.selectBySelective_COUNT - <==      Total: 1
10:36:45.368 [http-nio-8080-exec-7] DEBUG c.l.e.d.EmpMapper.selectBySelective - ==>  Preparing: select w.empno, w.ename, w.job, w.mgr, w.hiredate, w.sal, w.comm, w.deptno, m.ename mname, d.dname from emp w,emp m, dept d WHERE w.mgr=m.empno and w.deptno=d.deptno LIMIT ?
10:36:45.369 [http-nio-8080-exec-7] DEBUG c.l.e.d.EmpMapper.selectBySelective - ==> Parameters: 5(Integer)
10:36:45.375 [http-nio-8080-exec-7] DEBUG c.l.e.d.EmpMapper.selectBySelective - <==      Total: 5
10:36:54.246 [http-nio-8080-exec-9] DEBUG c.l.e.d.E.selectBySelective_COUNT - ==>  Preparing: SELECT count(0) FROM emp w, emp m, dept d WHERE w.mgr = m.empno AND w.deptno = d.deptno AND w.ename LIKE ?
10:36:54.247 [http-nio-8080-exec-9] DEBUG c.l.e.d.E.selectBySelective_COUNT - ==> Parameters: %A%(String)
10:36:54.249 [http-nio-8080-exec-9] DEBUG c.l.e.d.E.selectBySelective_COUNT - <==      Total: 1
10:36:54.250 [http-nio-8080-exec-9] DEBUG c.l.e.d.EmpMapper.selectBySelective - ==>  Preparing: select w.empno, w.ename, w.job, w.mgr, w.hiredate, w.sal, w.comm, w.deptno, m.ename mname, d.dname from emp w,emp m, dept d WHERE w.mgr=m.empno and w.deptno=d.deptno and w.ename like ? LIMIT ?
10:36:54.250 [http-nio-8080-exec-9] DEBUG c.l.e.d.EmpMapper.selectBySelective - ==> Parameters: %A%(String), 5(Integer)
10:36:54.255 [http-nio-8080-exec-9] DEBUG c.l.e.d.EmpMapper.selectBySelective - <==      Total: 5
10:37:02.097 [http-nio-8080-exec-1] DEBUG c.l.e.d.E.selectBySelective_COUNT - ==>  Preparing: SELECT count(0) FROM emp w, emp m, dept d WHERE w.mgr = m.empno AND w.deptno = d.deptno AND w.ename LIKE ?
10:37:02.098 [http-nio-8080-exec-1] DEBUG c.l.e.d.E.selectBySelective_COUNT - ==> Parameters: %A%(String)
10:37:02.100 [http-nio-8080-exec-1] DEBUG c.l.e.d.E.selectBySelective_COUNT - <==      Total: 1
10:37:02.101 [http-nio-8080-exec-1] DEBUG c.l.e.d.EmpMapper.selectBySelective - ==>  Preparing: select w.empno, w.ename, w.job, w.mgr, w.hiredate, w.sal, w.comm, w.deptno, m.ename mname, d.dname from emp w,emp m, dept d WHERE w.mgr=m.empno and w.deptno=d.deptno and w.ename like ? LIMIT ?, ?
10:37:02.101 [http-nio-8080-exec-1] DEBUG c.l.e.d.EmpMapper.selectBySelective - ==> Parameters: %A%(String), 5(Integer), 5(Integer)
10:37:02.106 [http-nio-8080-exec-1] DEBUG c.l.e.d.EmpMapper.selectBySelective - <==      Total: 2
10:37:04.915 [http-nio-8080-exec-8] DEBUG c.l.e.d.E.selectBySelective_COUNT - ==>  Preparing: SELECT count(0) FROM emp w, emp m, dept d WHERE w.mgr = m.empno AND w.deptno = d.deptno AND w.ename LIKE ?
10:37:04.916 [http-nio-8080-exec-8] DEBUG c.l.e.d.E.selectBySelective_COUNT - ==> Parameters: %A%(String)
10:37:04.919 [http-nio-8080-exec-8] DEBUG c.l.e.d.E.selectBySelective_COUNT - <==      Total: 1
10:37:04.921 [http-nio-8080-exec-8] DEBUG c.l.e.d.EmpMapper.selectBySelective - ==>  Preparing: select w.empno, w.ename, w.job, w.mgr, w.hiredate, w.sal, w.comm, w.deptno, m.ename mname, d.dname from emp w,emp m, dept d WHERE w.mgr=m.empno and w.deptno=d.deptno and w.ename like ? LIMIT ?
10:37:04.922 [http-nio-8080-exec-8] DEBUG c.l.e.d.EmpMapper.selectBySelective - ==> Parameters: %A%(String), 5(Integer)
10:37:04.929 [http-nio-8080-exec-8] DEBUG c.l.e.d.EmpMapper.selectBySelective - <==      Total: 5
10:37:11.742 [http-nio-8080-exec-2] DEBUG c.l.e.d.E.selectBySelective_COUNT - ==>  Preparing: SELECT count(0) FROM emp w, emp m, dept d WHERE w.mgr = m.empno AND w.deptno = d.deptno AND w.job = ?
10:37:11.743 [http-nio-8080-exec-2] DEBUG c.l.e.d.E.selectBySelective_COUNT - ==> Parameters: click(String)
10:37:11.746 [http-nio-8080-exec-2] DEBUG c.l.e.d.E.selectBySelective_COUNT - <==      Total: 1
10:37:21.389 [http-nio-8080-exec-3] DEBUG c.l.e.d.E.selectBySelective_COUNT - ==>  Preparing: SELECT count(0) FROM emp w, emp m, dept d WHERE w.mgr = m.empno AND w.deptno = d.deptno AND w.job = ?
10:37:21.391 [http-nio-8080-exec-3] DEBUG c.l.e.d.E.selectBySelective_COUNT - ==> Parameters: CLICK(String)
10:37:21.394 [http-nio-8080-exec-3] DEBUG c.l.e.d.E.selectBySelective_COUNT - <==      Total: 1
10:37:22.307 [http-nio-8080-exec-6] DEBUG c.l.e.d.E.selectBySelective_COUNT - ==>  Preparing: SELECT count(0) FROM emp w, emp m, dept d WHERE w.mgr = m.empno AND w.deptno = d.deptno AND w.job = ?
10:37:22.308 [http-nio-8080-exec-6] DEBUG c.l.e.d.E.selectBySelective_COUNT - ==> Parameters: CLICK(String)
10:37:22.311 [http-nio-8080-exec-6] DEBUG c.l.e.d.E.selectBySelective_COUNT - <==      Total: 1
10:37:24.897 [http-nio-8080-exec-10] DEBUG c.l.e.d.E.selectBySelective_COUNT - ==>  Preparing: SELECT count(0) FROM emp w, emp m, dept d WHERE w.mgr = m.empno AND w.deptno = d.deptno AND w.ename LIKE ? AND w.job = ?
10:37:24.899 [http-nio-8080-exec-10] DEBUG c.l.e.d.E.selectBySelective_COUNT - ==> Parameters: %A%(String), CLICK(String)
10:37:24.902 [http-nio-8080-exec-10] DEBUG c.l.e.d.E.selectBySelective_COUNT - <==      Total: 1
10:37:26.207 [http-nio-8080-exec-8] DEBUG c.l.e.d.E.selectBySelective_COUNT - ==>  Preparing: SELECT count(0) FROM emp w, emp m, dept d WHERE w.mgr = m.empno AND w.deptno = d.deptno AND w.ename LIKE ? AND w.job = ?
10:37:26.208 [http-nio-8080-exec-8] DEBUG c.l.e.d.E.selectBySelective_COUNT - ==> Parameters: %A%(String), CLICK(String)
10:37:26.210 [http-nio-8080-exec-8] DEBUG c.l.e.d.E.selectBySelective_COUNT - <==      Total: 1
10:37:29.797 [http-nio-8080-exec-9] DEBUG c.l.e.d.E.selectBySelective_COUNT - ==>  Preparing: SELECT count(0) FROM emp w, emp m, dept d WHERE w.mgr = m.empno AND w.deptno = d.deptno AND w.ename LIKE ?
10:37:29.800 [http-nio-8080-exec-9] DEBUG c.l.e.d.E.selectBySelective_COUNT - ==> Parameters: %A%(String)
10:37:29.802 [http-nio-8080-exec-9] DEBUG c.l.e.d.E.selectBySelective_COUNT - <==      Total: 1
10:37:29.804 [http-nio-8080-exec-9] DEBUG c.l.e.d.EmpMapper.selectBySelective - ==>  Preparing: select w.empno, w.ename, w.job, w.mgr, w.hiredate, w.sal, w.comm, w.deptno, m.ename mname, d.dname from emp w,emp m, dept d WHERE w.mgr=m.empno and w.deptno=d.deptno and w.ename like ? LIMIT ?
10:37:29.807 [http-nio-8080-exec-9] DEBUG c.l.e.d.EmpMapper.selectBySelective - ==> Parameters: %A%(String), 5(Integer)
10:37:29.816 [http-nio-8080-exec-9] DEBUG c.l.e.d.EmpMapper.selectBySelective - <==      Total: 5
10:37:35.429 [http-nio-8080-exec-7] DEBUG c.l.e.d.E.selectBySelective_COUNT - ==>  Preparing: SELECT count(0) FROM emp w, emp m, dept d WHERE w.mgr = m.empno AND w.deptno = d.deptno AND w.ename LIKE ?
10:37:35.430 [http-nio-8080-exec-7] DEBUG c.l.e.d.E.selectBySelective_COUNT - ==> Parameters: %A%(String)
10:37:35.433 [http-nio-8080-exec-7] DEBUG c.l.e.d.E.selectBySelective_COUNT - <==      Total: 1
10:37:35.434 [http-nio-8080-exec-7] DEBUG c.l.e.d.EmpMapper.selectBySelective - ==>  Preparing: select w.empno, w.ename, w.job, w.mgr, w.hiredate, w.sal, w.comm, w.deptno, m.ename mname, d.dname from emp w,emp m, dept d WHERE w.mgr=m.empno and w.deptno=d.deptno and w.ename like ? LIMIT ?, ?
10:37:35.439 [http-nio-8080-exec-7] DEBUG c.l.e.d.EmpMapper.selectBySelective - ==> Parameters: %A%(String), 5(Integer), 5(Integer)
10:37:35.442 [http-nio-8080-exec-7] DEBUG c.l.e.d.EmpMapper.selectBySelective - <==      Total: 2
10:37:37.008 [http-nio-8080-exec-6] DEBUG c.l.e.d.E.selectBySelective_COUNT - ==>  Preparing: SELECT count(0) FROM emp w, emp m, dept d WHERE w.mgr = m.empno AND w.deptno = d.deptno AND w.ename LIKE ?
10:37:37.010 [http-nio-8080-exec-6] DEBUG c.l.e.d.E.selectBySelective_COUNT - ==> Parameters: %A%(String)
10:37:37.013 [http-nio-8080-exec-6] DEBUG c.l.e.d.E.selectBySelective_COUNT - <==      Total: 1
10:37:37.014 [http-nio-8080-exec-6] DEBUG c.l.e.d.EmpMapper.selectBySelective - ==>  Preparing: select w.empno, w.ename, w.job, w.mgr, w.hiredate, w.sal, w.comm, w.deptno, m.ename mname, d.dname from emp w,emp m, dept d WHERE w.mgr=m.empno and w.deptno=d.deptno and w.ename like ? LIMIT ?
10:37:37.015 [http-nio-8080-exec-6] DEBUG c.l.e.d.EmpMapper.selectBySelective - ==> Parameters: %A%(String), 5(Integer)
10:37:37.018 [http-nio-8080-exec-6] DEBUG c.l.e.d.EmpMapper.selectBySelective - <==      Total: 5
10:37:45.330 [http-nio-8080-exec-3] DEBUG c.l.e.d.E.selectBySelective_COUNT - ==>  Preparing: SELECT count(0) FROM emp w, emp m, dept d WHERE w.mgr = m.empno AND w.deptno = d.deptno AND w.job = ?
10:37:45.331 [http-nio-8080-exec-3] DEBUG c.l.e.d.E.selectBySelective_COUNT - ==> Parameters: clerk(String)
10:37:45.334 [http-nio-8080-exec-3] DEBUG c.l.e.d.E.selectBySelective_COUNT - <==      Total: 1
10:37:45.336 [http-nio-8080-exec-3] DEBUG c.l.e.d.EmpMapper.selectBySelective - ==>  Preparing: select w.empno, w.ename, w.job, w.mgr, w.hiredate, w.sal, w.comm, w.deptno, m.ename mname, d.dname from emp w,emp m, dept d WHERE w.mgr=m.empno and w.deptno=d.deptno and w.job=? LIMIT ?
10:37:45.337 [http-nio-8080-exec-3] DEBUG c.l.e.d.EmpMapper.selectBySelective - ==> Parameters: clerk(String), 5(Integer)
10:37:45.340 [http-nio-8080-exec-3] DEBUG c.l.e.d.EmpMapper.selectBySelective - <==      Total: 5
10:37:53.464 [http-nio-8080-exec-2] DEBUG c.l.e.d.E.selectBySelective_COUNT - ==>  Preparing: SELECT count(0) FROM emp w, emp m, dept d WHERE w.mgr = m.empno AND w.deptno = d.deptno AND w.deptno = ?
10:37:53.465 [http-nio-8080-exec-2] DEBUG c.l.e.d.E.selectBySelective_COUNT - ==> Parameters: 10(String)
10:37:53.469 [http-nio-8080-exec-2] DEBUG c.l.e.d.E.selectBySelective_COUNT - <==      Total: 1
10:37:53.470 [http-nio-8080-exec-2] DEBUG c.l.e.d.EmpMapper.selectBySelective - ==>  Preparing: select w.empno, w.ename, w.job, w.mgr, w.hiredate, w.sal, w.comm, w.deptno, m.ename mname, d.dname from emp w,emp m, dept d WHERE w.mgr=m.empno and w.deptno=d.deptno and w.deptno=? LIMIT ?
10:37:53.471 [http-nio-8080-exec-2] DEBUG c.l.e.d.EmpMapper.selectBySelective - ==> Parameters: 10(String), 5(Integer)
10:37:53.476 [http-nio-8080-exec-2] DEBUG c.l.e.d.EmpMapper.selectBySelective - <==      Total: 5
13:41:29.551 [http-nio-8080-exec-1] DEBUG c.l.e.d.E.selectBySelective_COUNT - ==>  Preparing: SELECT count(0) FROM emp w, emp m, dept d WHERE w.mgr = m.empno AND w.deptno = d.deptno AND w.deptno = ?
13:41:29.590 [http-nio-8080-exec-1] DEBUG c.l.e.d.E.selectBySelective_COUNT - ==> Parameters: 10(String)
13:41:29.677 [http-nio-8080-exec-1] DEBUG c.l.e.d.E.selectBySelective_COUNT - <==      Total: 1
13:41:29.680 [http-nio-8080-exec-1] DEBUG c.l.e.d.EmpMapper.selectBySelective - ==>  Preparing: select w.empno, w.ename, w.job, w.mgr, w.hiredate, w.sal, w.comm, w.deptno, m.ename mname, d.dname from emp w,emp m, dept d WHERE w.mgr=m.empno and w.deptno=d.deptno and w.deptno=? LIMIT ?
13:41:29.681 [http-nio-8080-exec-1] DEBUG c.l.e.d.EmpMapper.selectBySelective - ==> Parameters: 10(String), 5(Integer)
13:41:29.688 [http-nio-8080-exec-1] DEBUG c.l.e.d.EmpMapper.selectBySelective - <==      Total: 5
13:42:45.791 [http-nio-8080-exec-2] DEBUG c.l.e.d.E.selectBySelective_COUNT - ==>  Preparing: SELECT count(0) FROM emp w, emp m, dept d WHERE w.mgr = m.empno AND w.deptno = d.deptno AND w.deptno = ?
13:42:45.817 [http-nio-8080-exec-2] DEBUG c.l.e.d.E.selectBySelective_COUNT - ==> Parameters: 10(String)
13:42:45.833 [http-nio-8080-exec-2] DEBUG c.l.e.d.E.selectBySelective_COUNT - <==      Total: 1
13:42:45.835 [http-nio-8080-exec-2] DEBUG c.l.e.d.EmpMapper.selectBySelective - ==>  Preparing: select w.empno, w.ename, w.job, w.mgr, w.hiredate, w.sal, w.comm, w.deptno, m.ename mname, d.dname from emp w,emp m, dept d WHERE w.mgr=m.empno and w.deptno=d.deptno and w.deptno=? LIMIT ?
13:42:45.836 [http-nio-8080-exec-2] DEBUG c.l.e.d.EmpMapper.selectBySelective - ==> Parameters: 10(String), 5(Integer)
13:42:45.842 [http-nio-8080-exec-2] DEBUG c.l.e.d.EmpMapper.selectBySelective - <==      Total: 5
13:42:59.773 [http-nio-8080-exec-8] DEBUG c.l.e.dao.UserMapper.selectForLogin - ==>  Preparing: select * from t_user where username=? and password=?
13:42:59.774 [http-nio-8080-exec-8] DEBUG c.l.e.dao.UserMapper.selectForLogin - ==> Parameters: admin(String), admin(String)
13:42:59.783 [http-nio-8080-exec-8] DEBUG c.l.e.dao.UserMapper.selectForLogin - <==      Total: 1
13:42:59.811 [http-nio-8080-exec-10] DEBUG c.l.e.d.E.selectBySelective_COUNT - ==>  Preparing: SELECT count(0) FROM emp w, emp m, dept d WHERE w.mgr = m.empno AND w.deptno = d.deptno
13:42:59.812 [http-nio-8080-exec-10] DEBUG c.l.e.d.E.selectBySelective_COUNT - ==> Parameters: 
13:42:59.814 [http-nio-8080-exec-10] DEBUG c.l.e.d.E.selectBySelective_COUNT - <==      Total: 1
13:42:59.815 [http-nio-8080-exec-10] DEBUG c.l.e.d.EmpMapper.selectBySelective - ==>  Preparing: select w.empno, w.ename, w.job, w.mgr, w.hiredate, w.sal, w.comm, w.deptno, m.ename mname, d.dname from emp w,emp m, dept d WHERE w.mgr=m.empno and w.deptno=d.deptno LIMIT ?
13:42:59.816 [http-nio-8080-exec-10] DEBUG c.l.e.d.EmpMapper.selectBySelective - ==> Parameters: 5(Integer)
13:42:59.823 [http-nio-8080-exec-10] DEBUG c.l.e.d.EmpMapper.selectBySelective - <==      Total: 5
13:51:52.661 [http-nio-8080-exec-9] DEBUG c.l.e.dao.UserMapper.selectForLogin - ==>  Preparing: select * from t_user where username=? and password=?
13:51:52.701 [http-nio-8080-exec-9] DEBUG c.l.e.dao.UserMapper.selectForLogin - ==> Parameters: admin(String), admin(String)
13:51:52.721 [http-nio-8080-exec-9] DEBUG c.l.e.dao.UserMapper.selectForLogin - <==      Total: 1
13:51:52.830 [http-nio-8080-exec-10] DEBUG c.l.e.d.E.selectBySelective_COUNT - ==>  Preparing: SELECT count(0) FROM emp w, emp m, dept d WHERE w.mgr = m.empno AND w.deptno = d.deptno
13:51:52.831 [http-nio-8080-exec-10] DEBUG c.l.e.d.E.selectBySelective_COUNT - ==> Parameters: 
13:51:52.834 [http-nio-8080-exec-10] DEBUG c.l.e.d.E.selectBySelective_COUNT - <==      Total: 1
13:51:52.837 [http-nio-8080-exec-10] DEBUG c.l.e.d.EmpMapper.selectBySelective - ==>  Preparing: select w.empno, w.ename, w.job, w.mgr, w.hiredate, w.sal, w.comm, w.deptno, m.ename mname, d.dname from emp w,emp m, dept d WHERE w.mgr=m.empno and w.deptno=d.deptno LIMIT ?
13:51:52.838 [http-nio-8080-exec-10] DEBUG c.l.e.d.EmpMapper.selectBySelective - ==> Parameters: 5(Integer)
13:51:52.844 [http-nio-8080-exec-10] DEBUG c.l.e.d.EmpMapper.selectBySelective - <==      Total: 5
13:51:56.307 [http-nio-8080-exec-3] DEBUG c.l.e.d.E.selectBySelective_COUNT - ==>  Preparing: SELECT count(0) FROM emp w, emp m, dept d WHERE w.mgr = m.empno AND w.deptno = d.deptno
13:51:56.308 [http-nio-8080-exec-3] DEBUG c.l.e.d.E.selectBySelective_COUNT - ==> Parameters: 
13:51:56.310 [http-nio-8080-exec-3] DEBUG c.l.e.d.E.selectBySelective_COUNT - <==      Total: 1
13:51:56.312 [http-nio-8080-exec-3] DEBUG c.l.e.d.EmpMapper.selectBySelective - ==>  Preparing: select w.empno, w.ename, w.job, w.mgr, w.hiredate, w.sal, w.comm, w.deptno, m.ename mname, d.dname from emp w,emp m, dept d WHERE w.mgr=m.empno and w.deptno=d.deptno LIMIT ?, ?
13:51:56.312 [http-nio-8080-exec-3] DEBUG c.l.e.d.EmpMapper.selectBySelective - ==> Parameters: 5(Integer), 5(Integer)
13:51:56.318 [http-nio-8080-exec-3] DEBUG c.l.e.d.EmpMapper.selectBySelective - <==      Total: 5
13:51:57.269 [http-nio-8080-exec-7] DEBUG c.l.e.d.E.selectBySelective_COUNT - ==>  Preparing: SELECT count(0) FROM emp w, emp m, dept d WHERE w.mgr = m.empno AND w.deptno = d.deptno
13:51:57.270 [http-nio-8080-exec-7] DEBUG c.l.e.d.E.selectBySelective_COUNT - ==> Parameters: 
13:51:57.272 [http-nio-8080-exec-7] DEBUG c.l.e.d.E.selectBySelective_COUNT - <==      Total: 1
13:51:57.273 [http-nio-8080-exec-7] DEBUG c.l.e.d.EmpMapper.selectBySelective - ==>  Preparing: select w.empno, w.ename, w.job, w.mgr, w.hiredate, w.sal, w.comm, w.deptno, m.ename mname, d.dname from emp w,emp m, dept d WHERE w.mgr=m.empno and w.deptno=d.deptno LIMIT ?, ?
13:51:57.274 [http-nio-8080-exec-7] DEBUG c.l.e.d.EmpMapper.selectBySelective - ==> Parameters: 10(Integer), 5(Integer)
13:51:57.278 [http-nio-8080-exec-7] DEBUG c.l.e.d.EmpMapper.selectBySelective - <==      Total: 5
13:59:30.916 [http-nio-8080-exec-2] DEBUG c.l.e.dao.UserMapper.selectForLogin - ==>  Preparing: select * from t_user where username=? and password=?
13:59:30.956 [http-nio-8080-exec-2] DEBUG c.l.e.dao.UserMapper.selectForLogin - ==> Parameters: admin(String), admin(String)
13:59:30.974 [http-nio-8080-exec-2] DEBUG c.l.e.dao.UserMapper.selectForLogin - <==      Total: 1
13:59:31.091 [http-nio-8080-exec-7] DEBUG c.l.e.d.E.selectBySelective_COUNT - ==>  Preparing: SELECT count(0) FROM emp w, emp m, dept d WHERE w.mgr = m.empno AND w.deptno = d.deptno
13:59:31.092 [http-nio-8080-exec-7] DEBUG c.l.e.d.E.selectBySelective_COUNT - ==> Parameters: 
13:59:31.096 [http-nio-8080-exec-7] DEBUG c.l.e.d.E.selectBySelective_COUNT - <==      Total: 1
13:59:31.099 [http-nio-8080-exec-7] DEBUG c.l.e.d.EmpMapper.selectBySelective - ==>  Preparing: select w.empno, w.ename, w.job, w.mgr, w.hiredate, w.sal, w.comm, w.deptno, m.ename mname, d.dname from emp w,emp m, dept d WHERE w.mgr=m.empno and w.deptno=d.deptno LIMIT ?
13:59:31.100 [http-nio-8080-exec-7] DEBUG c.l.e.d.EmpMapper.selectBySelective - ==> Parameters: 5(Integer)
13:59:31.106 [http-nio-8080-exec-7] DEBUG c.l.e.d.EmpMapper.selectBySelective - <==      Total: 5
14:06:21.255 [http-nio-8080-exec-9] DEBUG c.l.e.dao.UserMapper.selectForLogin - ==>  Preparing: select * from t_user where username=? and password=?
14:06:21.289 [http-nio-8080-exec-9] DEBUG c.l.e.dao.UserMapper.selectForLogin - ==> Parameters: admin(String), admin(String)
14:06:21.308 [http-nio-8080-exec-9] DEBUG c.l.e.dao.UserMapper.selectForLogin - <==      Total: 1
14:06:21.428 [http-nio-8080-exec-10] DEBUG c.l.e.d.E.selectBySelective_COUNT - ==>  Preparing: SELECT count(0) FROM emp w, emp m, dept d WHERE w.mgr = m.empno AND w.deptno = d.deptno
14:06:21.429 [http-nio-8080-exec-10] DEBUG c.l.e.d.E.selectBySelective_COUNT - ==> Parameters: 
14:06:21.432 [http-nio-8080-exec-10] DEBUG c.l.e.d.E.selectBySelective_COUNT - <==      Total: 1
14:06:21.436 [http-nio-8080-exec-10] DEBUG c.l.e.d.EmpMapper.selectBySelective - ==>  Preparing: select w.empno, w.ename, w.job, w.mgr, w.hiredate, w.sal, w.comm, w.deptno, m.ename mname, d.dname from emp w,emp m, dept d WHERE w.mgr=m.empno and w.deptno=d.deptno LIMIT ?
14:06:21.437 [http-nio-8080-exec-10] DEBUG c.l.e.d.EmpMapper.selectBySelective - ==> Parameters: 5(Integer)
14:06:21.445 [http-nio-8080-exec-10] DEBUG c.l.e.d.EmpMapper.selectBySelective - <==      Total: 5
14:06:27.266 [http-nio-8080-exec-3] DEBUG c.l.e.d.E.selectBySelective_COUNT - ==>  Preparing: SELECT count(0) FROM emp w, emp m, dept d WHERE w.mgr = m.empno AND w.deptno = d.deptno
14:06:27.267 [http-nio-8080-exec-3] DEBUG c.l.e.d.E.selectBySelective_COUNT - ==> Parameters: 
14:06:27.272 [http-nio-8080-exec-3] DEBUG c.l.e.d.E.selectBySelective_COUNT - <==      Total: 1
14:06:27.273 [http-nio-8080-exec-3] DEBUG c.l.e.d.EmpMapper.selectBySelective - ==>  Preparing: select w.empno, w.ename, w.job, w.mgr, w.hiredate, w.sal, w.comm, w.deptno, m.ename mname, d.dname from emp w,emp m, dept d WHERE w.mgr=m.empno and w.deptno=d.deptno LIMIT ?, ?
14:06:27.274 [http-nio-8080-exec-3] DEBUG c.l.e.d.EmpMapper.selectBySelective - ==> Parameters: 5(Integer), 5(Integer)
14:06:27.279 [http-nio-8080-exec-3] DEBUG c.l.e.d.EmpMapper.selectBySelective - <==      Total: 5
14:06:28.347 [http-nio-8080-exec-8] DEBUG c.l.e.d.E.selectBySelective_COUNT - ==>  Preparing: SELECT count(0) FROM emp w, emp m, dept d WHERE w.mgr = m.empno AND w.deptno = d.deptno
14:06:28.348 [http-nio-8080-exec-8] DEBUG c.l.e.d.E.selectBySelective_COUNT - ==> Parameters: 
14:06:28.351 [http-nio-8080-exec-8] DEBUG c.l.e.d.E.selectBySelective_COUNT - <==      Total: 1
14:06:28.351 [http-nio-8080-exec-8] DEBUG c.l.e.d.EmpMapper.selectBySelective - ==>  Preparing: select w.empno, w.ename, w.job, w.mgr, w.hiredate, w.sal, w.comm, w.deptno, m.ename mname, d.dname from emp w,emp m, dept d WHERE w.mgr=m.empno and w.deptno=d.deptno LIMIT ?, ?
14:06:28.352 [http-nio-8080-exec-8] DEBUG c.l.e.d.EmpMapper.selectBySelective - ==> Parameters: 10(Integer), 5(Integer)
14:06:28.357 [http-nio-8080-exec-8] DEBUG c.l.e.d.EmpMapper.selectBySelective - <==      Total: 5
14:07:06.241 [http-nio-8080-exec-1] DEBUG c.l.e.d.E.selectBySelective_COUNT - ==>  Preparing: SELECT count(0) FROM emp w, emp m, dept d WHERE w.mgr = m.empno AND w.deptno = d.deptno
14:07:06.243 [http-nio-8080-exec-1] DEBUG c.l.e.d.E.selectBySelective_COUNT - ==> Parameters: 
14:07:06.246 [http-nio-8080-exec-1] DEBUG c.l.e.d.E.selectBySelective_COUNT - <==      Total: 1
14:07:06.248 [http-nio-8080-exec-1] DEBUG c.l.e.d.EmpMapper.selectBySelective - ==>  Preparing: select w.empno, w.ename, w.job, w.mgr, w.hiredate, w.sal, w.comm, w.deptno, m.ename mname, d.dname from emp w,emp m, dept d WHERE w.mgr=m.empno and w.deptno=d.deptno LIMIT ?, ?
14:07:06.249 [http-nio-8080-exec-1] DEBUG c.l.e.d.EmpMapper.selectBySelective - ==> Parameters: 10(Integer), 5(Integer)
14:07:06.261 [http-nio-8080-exec-1] DEBUG c.l.e.d.EmpMapper.selectBySelective - <==      Total: 5
14:07:08.857 [http-nio-8080-exec-4] DEBUG c.l.e.d.E.selectBySelective_COUNT - ==>  Preparing: SELECT count(0) FROM emp w, emp m, dept d WHERE w.mgr = m.empno AND w.deptno = d.deptno
14:07:08.858 [http-nio-8080-exec-4] DEBUG c.l.e.d.E.selectBySelective_COUNT - ==> Parameters: 
14:07:08.862 [http-nio-8080-exec-4] DEBUG c.l.e.d.E.selectBySelective_COUNT - <==      Total: 1
14:07:08.863 [http-nio-8080-exec-4] DEBUG c.l.e.d.EmpMapper.selectBySelective - ==>  Preparing: select w.empno, w.ename, w.job, w.mgr, w.hiredate, w.sal, w.comm, w.deptno, m.ename mname, d.dname from emp w,emp m, dept d WHERE w.mgr=m.empno and w.deptno=d.deptno LIMIT ?, ?
14:07:08.864 [http-nio-8080-exec-4] DEBUG c.l.e.d.EmpMapper.selectBySelective - ==> Parameters: 10(Integer), 5(Integer)
14:07:08.868 [http-nio-8080-exec-4] DEBUG c.l.e.d.EmpMapper.selectBySelective - <==      Total: 5
14:12:15.653 [http-nio-8080-exec-2] DEBUG c.l.e.dao.UserMapper.selectForLogin - ==>  Preparing: select * from t_user where username=? and password=?
14:12:15.690 [http-nio-8080-exec-2] DEBUG c.l.e.dao.UserMapper.selectForLogin - ==> Parameters: admin(String), admin(String)
14:12:15.707 [http-nio-8080-exec-2] DEBUG c.l.e.dao.UserMapper.selectForLogin - <==      Total: 1
14:12:15.781 [http-nio-8080-exec-3] DEBUG c.l.e.d.E.selectBySelective_COUNT - ==>  Preparing: SELECT count(0) FROM emp w, emp m, dept d WHERE w.mgr = m.empno AND w.deptno = d.deptno
14:12:15.781 [http-nio-8080-exec-3] DEBUG c.l.e.d.E.selectBySelective_COUNT - ==> Parameters: 
14:12:15.785 [http-nio-8080-exec-3] DEBUG c.l.e.d.E.selectBySelective_COUNT - <==      Total: 1
14:12:15.788 [http-nio-8080-exec-3] DEBUG c.l.e.d.EmpMapper.selectBySelective - ==>  Preparing: select w.empno, w.ename, w.job, w.mgr, w.hiredate, w.sal, w.comm, w.deptno, m.ename mname, d.dname from emp w,emp m, dept d WHERE w.mgr=m.empno and w.deptno=d.deptno LIMIT ?
14:12:15.789 [http-nio-8080-exec-3] DEBUG c.l.e.d.EmpMapper.selectBySelective - ==> Parameters: 5(Integer)
14:12:15.795 [http-nio-8080-exec-3] DEBUG c.l.e.d.EmpMapper.selectBySelective - <==      Total: 5
14:15:46.965 [http-nio-8080-exec-1] DEBUG c.l.e.d.E.selectBySelective_COUNT - ==>  Preparing: SELECT count(0) FROM emp w, emp m, dept d WHERE w.mgr = m.empno AND w.deptno = d.deptno
14:15:47.001 [http-nio-8080-exec-1] DEBUG c.l.e.d.E.selectBySelective_COUNT - ==> Parameters: 
14:15:47.016 [http-nio-8080-exec-1] DEBUG c.l.e.d.E.selectBySelective_COUNT - <==      Total: 1
14:15:47.019 [http-nio-8080-exec-1] DEBUG c.l.e.d.EmpMapper.selectBySelective - ==>  Preparing: select w.empno, w.ename, w.job, w.mgr, w.hiredate, w.sal, w.comm, w.deptno, m.ename mname, d.dname from emp w,emp m, dept d WHERE w.mgr=m.empno and w.deptno=d.deptno LIMIT ?
14:15:47.021 [http-nio-8080-exec-1] DEBUG c.l.e.d.EmpMapper.selectBySelective - ==> Parameters: 5(Integer)
14:15:47.026 [http-nio-8080-exec-1] DEBUG c.l.e.d.EmpMapper.selectBySelective - <==      Total: 5
14:15:58.523 [http-nio-8080-exec-7] DEBUG c.l.e.dao.UserMapper.selectForLogin - ==>  Preparing: select * from t_user where username=? and password=?
14:15:58.525 [http-nio-8080-exec-7] DEBUG c.l.e.dao.UserMapper.selectForLogin - ==> Parameters: admin(String), admin(String)
14:15:58.528 [http-nio-8080-exec-7] DEBUG c.l.e.dao.UserMapper.selectForLogin - <==      Total: 1
14:15:58.551 [http-nio-8080-exec-8] DEBUG c.l.e.d.E.selectBySelective_COUNT - ==>  Preparing: SELECT count(0) FROM emp w, emp m, dept d WHERE w.mgr = m.empno AND w.deptno = d.deptno
14:15:58.551 [http-nio-8080-exec-8] DEBUG c.l.e.d.E.selectBySelective_COUNT - ==> Parameters: 
14:15:58.553 [http-nio-8080-exec-8] DEBUG c.l.e.d.E.selectBySelective_COUNT - <==      Total: 1
14:15:58.554 [http-nio-8080-exec-8] DEBUG c.l.e.d.EmpMapper.selectBySelective - ==>  Preparing: select w.empno, w.ename, w.job, w.mgr, w.hiredate, w.sal, w.comm, w.deptno, m.ename mname, d.dname from emp w,emp m, dept d WHERE w.mgr=m.empno and w.deptno=d.deptno LIMIT ?
14:15:58.555 [http-nio-8080-exec-8] DEBUG c.l.e.d.EmpMapper.selectBySelective - ==> Parameters: 5(Integer)
14:15:58.561 [http-nio-8080-exec-8] DEBUG c.l.e.d.EmpMapper.selectBySelective - <==      Total: 5
14:20:36.487 [http-nio-8080-exec-1] DEBUG c.l.e.d.E.selectBySelective_COUNT - ==>  Preparing: SELECT count(0) FROM emp w, emp m, dept d WHERE w.mgr = m.empno AND w.deptno = d.deptno
14:20:36.519 [http-nio-8080-exec-1] DEBUG c.l.e.d.E.selectBySelective_COUNT - ==> Parameters: 
14:20:36.533 [http-nio-8080-exec-1] DEBUG c.l.e.d.E.selectBySelective_COUNT - <==      Total: 1
14:20:36.537 [http-nio-8080-exec-1] DEBUG c.l.e.d.EmpMapper.selectBySelective - ==>  Preparing: select w.empno, w.ename, w.job, w.mgr, w.hiredate, w.sal, w.comm, w.deptno, m.ename mname, d.dname from emp w,emp m, dept d WHERE w.mgr=m.empno and w.deptno=d.deptno LIMIT ?
14:20:36.538 [http-nio-8080-exec-1] DEBUG c.l.e.d.EmpMapper.selectBySelective - ==> Parameters: 5(Integer)
14:20:36.545 [http-nio-8080-exec-1] DEBUG c.l.e.d.EmpMapper.selectBySelective - <==      Total: 5
14:21:55.559 [http-nio-8080-exec-1] DEBUG c.l.e.d.E.selectBySelective_COUNT - ==>  Preparing: SELECT count(0) FROM emp w, emp m, dept d WHERE w.mgr = m.empno AND w.deptno = d.deptno
14:21:55.598 [http-nio-8080-exec-1] DEBUG c.l.e.d.E.selectBySelective_COUNT - ==> Parameters: 
14:21:55.623 [http-nio-8080-exec-1] DEBUG c.l.e.d.E.selectBySelective_COUNT - <==      Total: 1
14:21:55.627 [http-nio-8080-exec-1] DEBUG c.l.e.d.EmpMapper.selectBySelective - ==>  Preparing: select w.empno, w.ename, w.job, w.mgr, w.hiredate, w.sal, w.comm, w.deptno, m.ename mname, d.dname from emp w,emp m, dept d WHERE w.mgr=m.empno and w.deptno=d.deptno LIMIT ?
14:21:55.629 [http-nio-8080-exec-1] DEBUG c.l.e.d.EmpMapper.selectBySelective - ==> Parameters: 5(Integer)
14:21:55.636 [http-nio-8080-exec-1] DEBUG c.l.e.d.EmpMapper.selectBySelective - <==      Total: 5
14:25:44.224 [http-nio-8080-exec-1] DEBUG c.l.e.d.E.selectBySelective_COUNT - ==>  Preparing: SELECT count(0) FROM emp w, emp m, dept d WHERE w.mgr = m.empno AND w.deptno = d.deptno
14:25:44.255 [http-nio-8080-exec-1] DEBUG c.l.e.d.E.selectBySelective_COUNT - ==> Parameters: 
14:25:44.288 [http-nio-8080-exec-1] DEBUG c.l.e.d.E.selectBySelective_COUNT - <==      Total: 1
14:25:44.292 [http-nio-8080-exec-1] DEBUG c.l.e.d.EmpMapper.selectBySelective - ==>  Preparing: select w.empno, w.ename, w.job, w.mgr, w.hiredate, w.sal, w.comm, w.deptno, m.ename mname, d.dname from emp w,emp m, dept d WHERE w.mgr=m.empno and w.deptno=d.deptno LIMIT ?
14:25:44.293 [http-nio-8080-exec-1] DEBUG c.l.e.d.EmpMapper.selectBySelective - ==> Parameters: 5(Integer)
14:25:44.297 [http-nio-8080-exec-1] DEBUG c.l.e.d.EmpMapper.selectBySelective - <==      Total: 5
14:25:46.687 [http-nio-8080-exec-5] DEBUG c.l.e.d.EmpMapper.selectByPrimaryKey - ==>  Preparing: select EMPNO,ENAME,JOB, MGR,HIREDATE,SAL, COMM,DEPTNO from emp where
14:25:46.689 [http-nio-8080-exec-5] DEBUG c.l.e.d.EmpMapper.selectByPrimaryKey - ==> Parameters: 
14:29:20.708 [http-nio-8080-exec-2] DEBUG c.l.e.d.E.selectBySelective_COUNT - ==>  Preparing: SELECT count(0) FROM emp w, emp m, dept d WHERE w.mgr = m.empno AND w.deptno = d.deptno
14:29:20.738 [http-nio-8080-exec-2] DEBUG c.l.e.d.E.selectBySelective_COUNT - ==> Parameters: 
14:29:20.753 [http-nio-8080-exec-2] DEBUG c.l.e.d.E.selectBySelective_COUNT - <==      Total: 1
14:29:20.756 [http-nio-8080-exec-2] DEBUG c.l.e.d.EmpMapper.selectBySelective - ==>  Preparing: select w.empno, w.ename, w.job, w.mgr, w.hiredate, w.sal, w.comm, w.deptno, m.ename mname, d.dname from emp w,emp m, dept d WHERE w.mgr=m.empno and w.deptno=d.deptno LIMIT ?
14:29:20.757 [http-nio-8080-exec-2] DEBUG c.l.e.d.EmpMapper.selectBySelective - ==> Parameters: 5(Integer)
14:29:20.761 [http-nio-8080-exec-2] DEBUG c.l.e.d.EmpMapper.selectBySelective - <==      Total: 5
14:29:24.286 [http-nio-8080-exec-6] DEBUG c.l.e.d.EmpMapper.selectByPrimaryKey - ==>  Preparing: select EMPNO,ENAME,JOB, MGR,HIREDATE,SAL, COMM,DEPTNO from emp where
14:29:24.287 [http-nio-8080-exec-6] DEBUG c.l.e.d.EmpMapper.selectByPrimaryKey - ==> Parameters: 
14:34:17.813 [http-nio-8080-exec-1] DEBUG c.l.e.d.E.selectBySelective_COUNT - ==>  Preparing: SELECT count(0) FROM emp w, emp m, dept d WHERE w.mgr = m.empno AND w.deptno = d.deptno
14:34:17.850 [http-nio-8080-exec-1] DEBUG c.l.e.d.E.selectBySelective_COUNT - ==> Parameters: 
14:34:17.869 [http-nio-8080-exec-1] DEBUG c.l.e.d.E.selectBySelective_COUNT - <==      Total: 1
14:34:17.873 [http-nio-8080-exec-1] DEBUG c.l.e.d.EmpMapper.selectBySelective - ==>  Preparing: select w.empno, w.ename, w.job, w.mgr, w.hiredate, w.sal, w.comm, w.deptno, m.ename mname, d.dname from emp w,emp m, dept d WHERE w.mgr=m.empno and w.deptno=d.deptno LIMIT ?
14:34:17.874 [http-nio-8080-exec-1] DEBUG c.l.e.d.EmpMapper.selectBySelective - ==> Parameters: 5(Integer)
14:34:17.880 [http-nio-8080-exec-1] DEBUG c.l.e.d.EmpMapper.selectBySelective - <==      Total: 5
14:34:20.275 [http-nio-8080-exec-6] DEBUG c.l.e.d.EmpMapper.selectByPrimaryKey - ==>  Preparing: select empno,ename,job, mgr,hiredate,sal, comm,deptno from emp where
14:34:20.276 [http-nio-8080-exec-6] DEBUG c.l.e.d.EmpMapper.selectByPrimaryKey - ==> Parameters: 
14:41:03.038 [http-nio-8080-exec-1] DEBUG c.l.e.d.E.selectBySelective_COUNT - ==>  Preparing: SELECT count(0) FROM emp w, emp m, dept d WHERE w.mgr = m.empno AND w.deptno = d.deptno
14:41:03.066 [http-nio-8080-exec-1] DEBUG c.l.e.d.E.selectBySelective_COUNT - ==> Parameters: 
14:41:03.083 [http-nio-8080-exec-1] DEBUG c.l.e.d.E.selectBySelective_COUNT - <==      Total: 1
14:41:03.085 [http-nio-8080-exec-1] DEBUG c.l.e.d.EmpMapper.selectBySelective - ==>  Preparing: select w.empno, w.ename, w.job, w.mgr, w.hiredate, w.sal, w.comm, w.deptno, m.ename mname, d.dname from emp w,emp m, dept d WHERE w.mgr=m.empno and w.deptno=d.deptno LIMIT ?
14:41:03.086 [http-nio-8080-exec-1] DEBUG c.l.e.d.EmpMapper.selectBySelective - ==> Parameters: 5(Integer)
14:41:03.090 [http-nio-8080-exec-1] DEBUG c.l.e.d.EmpMapper.selectBySelective - <==      Total: 5
14:41:05.533 [http-nio-8080-exec-6] DEBUG c.l.e.d.EmpMapper.selectByPrimaryKey - ==>  Preparing: select empno,ename,job, mgr,hiredate,sal, comm,deptno from emp where
14:41:05.534 [http-nio-8080-exec-6] DEBUG c.l.e.d.EmpMapper.selectByPrimaryKey - ==> Parameters: 
14:44:25.698 [http-nio-8080-exec-1] DEBUG c.l.e.d.E.selectBySelective_COUNT - ==>  Preparing: SELECT count(0) FROM emp w, emp m, dept d WHERE w.mgr = m.empno AND w.deptno = d.deptno
14:44:25.733 [http-nio-8080-exec-1] DEBUG c.l.e.d.E.selectBySelective_COUNT - ==> Parameters: 
14:44:25.750 [http-nio-8080-exec-1] DEBUG c.l.e.d.E.selectBySelective_COUNT - <==      Total: 1
14:44:25.752 [http-nio-8080-exec-1] DEBUG c.l.e.d.EmpMapper.selectBySelective - ==>  Preparing: select w.empno, w.ename, w.job, w.mgr, w.hiredate, w.sal, w.comm, w.deptno, m.ename mname, d.dname from emp w,emp m, dept d WHERE w.mgr=m.empno and w.deptno=d.deptno LIMIT ?
14:44:25.753 [http-nio-8080-exec-1] DEBUG c.l.e.d.EmpMapper.selectBySelective - ==> Parameters: 5(Integer)
14:44:25.759 [http-nio-8080-exec-1] DEBUG c.l.e.d.EmpMapper.selectBySelective - <==      Total: 5
14:44:28.011 [http-nio-8080-exec-6] DEBUG c.l.e.d.EmpMapper.selectByPrimaryKey - ==>  Preparing: select empno,ename,job, mgr,hiredate,sal, comm,deptno from emp where empno=?
14:45:30.988 [http-nio-8080-exec-1] DEBUG c.l.e.d.E.selectBySelective_COUNT - ==>  Preparing: SELECT count(0) FROM emp w, emp m, dept d WHERE w.mgr = m.empno AND w.deptno = d.deptno
14:45:31.013 [http-nio-8080-exec-1] DEBUG c.l.e.d.E.selectBySelective_COUNT - ==> Parameters: 
14:45:31.027 [http-nio-8080-exec-1] DEBUG c.l.e.d.E.selectBySelective_COUNT - <==      Total: 1
14:45:31.029 [http-nio-8080-exec-1] DEBUG c.l.e.d.EmpMapper.selectBySelective - ==>  Preparing: select w.empno, w.ename, w.job, w.mgr, w.hiredate, w.sal, w.comm, w.deptno, m.ename mname, d.dname from emp w,emp m, dept d WHERE w.mgr=m.empno and w.deptno=d.deptno LIMIT ?
14:45:31.030 [http-nio-8080-exec-1] DEBUG c.l.e.d.EmpMapper.selectBySelective - ==> Parameters: 5(Integer)
14:45:31.034 [http-nio-8080-exec-1] DEBUG c.l.e.d.EmpMapper.selectBySelective - <==      Total: 5
14:45:33.390 [http-nio-8080-exec-6] DEBUG c.l.e.d.EmpMapper.selectByPrimaryKey - ==>  Preparing: select empno,ename,job, mgr,hiredate,sal, comm,deptno from emp where empno=?
14:45:33.391 [http-nio-8080-exec-6] DEBUG c.l.e.d.EmpMapper.selectByPrimaryKey - ==> Parameters: 8999(Integer)
14:45:33.400 [http-nio-8080-exec-6] DEBUG c.l.e.d.EmpMapper.selectByPrimaryKey - <==      Total: 1
14:56:17.631 [http-nio-8080-exec-3] DEBUG c.l.e.d.E.selectBySelective_COUNT - ==>  Preparing: SELECT count(0) FROM emp w, emp m, dept d WHERE w.mgr = m.empno AND w.deptno = d.deptno
14:56:17.673 [http-nio-8080-exec-3] DEBUG c.l.e.d.E.selectBySelective_COUNT - ==> Parameters: 
14:56:17.685 [http-nio-8080-exec-3] DEBUG c.l.e.d.E.selectBySelective_COUNT - <==      Total: 1
14:56:17.687 [http-nio-8080-exec-3] DEBUG c.l.e.d.EmpMapper.selectBySelective - ==>  Preparing: select w.empno, w.ename, w.job, w.mgr, w.hiredate, w.sal, w.comm, w.deptno, m.ename mname, d.dname from emp w,emp m, dept d WHERE w.mgr=m.empno and w.deptno=d.deptno LIMIT ?
14:56:17.688 [http-nio-8080-exec-3] DEBUG c.l.e.d.EmpMapper.selectBySelective - ==> Parameters: 5(Integer)
14:56:17.691 [http-nio-8080-exec-3] DEBUG c.l.e.d.EmpMapper.selectBySelective - <==      Total: 5
14:56:19.962 [http-nio-8080-exec-6] DEBUG c.l.e.d.EmpMapper.selectByPrimaryKey - ==>  Preparing: select empno,ename,job, mgr,hiredate,sal, comm,deptno from emp where empno=?
14:56:19.963 [http-nio-8080-exec-6] DEBUG c.l.e.d.EmpMapper.selectByPrimaryKey - ==> Parameters: 8999(Integer)
14:56:19.966 [http-nio-8080-exec-6] DEBUG c.l.e.d.EmpMapper.selectByPrimaryKey - <==      Total: 1
15:01:33.231 [http-nio-8080-exec-1] DEBUG c.l.e.d.E.selectBySelective_COUNT - ==>  Preparing: SELECT count(0) FROM emp w, emp m, dept d WHERE w.mgr = m.empno AND w.deptno = d.deptno
15:01:33.270 [http-nio-8080-exec-1] DEBUG c.l.e.d.E.selectBySelective_COUNT - ==> Parameters: 
15:01:33.291 [http-nio-8080-exec-1] DEBUG c.l.e.d.E.selectBySelective_COUNT - <==      Total: 1
15:01:33.295 [http-nio-8080-exec-1] DEBUG c.l.e.d.EmpMapper.selectBySelective - ==>  Preparing: select w.empno, w.ename, w.job, w.mgr, w.hiredate, w.sal, w.comm, w.deptno, m.ename mname, d.dname from emp w,emp m, dept d WHERE w.mgr=m.empno and w.deptno=d.deptno LIMIT ?
15:01:33.296 [http-nio-8080-exec-1] DEBUG c.l.e.d.EmpMapper.selectBySelective - ==> Parameters: 5(Integer)
15:01:33.302 [http-nio-8080-exec-1] DEBUG c.l.e.d.EmpMapper.selectBySelective - <==      Total: 5
15:01:35.468 [http-nio-8080-exec-6] DEBUG c.l.e.d.EmpMapper.selectByPrimaryKey - ==>  Preparing: select empno,ename,job, mgr,hiredate,sal, comm,deptno from emp where empno=?
15:01:35.469 [http-nio-8080-exec-6] DEBUG c.l.e.d.EmpMapper.selectByPrimaryKey - ==> Parameters: 8999(Integer)
15:01:35.473 [http-nio-8080-exec-6] DEBUG c.l.e.d.EmpMapper.selectByPrimaryKey - <==      Total: 1
15:03:40.406 [http-nio-8080-exec-1] DEBUG c.l.e.d.E.selectBySelective_COUNT - ==>  Preparing: SELECT count(0) FROM emp w, emp m, dept d WHERE w.mgr = m.empno AND w.deptno = d.deptno
15:03:40.430 [http-nio-8080-exec-1] DEBUG c.l.e.d.E.selectBySelective_COUNT - ==> Parameters: 
15:03:40.486 [http-nio-8080-exec-1] DEBUG c.l.e.d.E.selectBySelective_COUNT - <==      Total: 1
15:03:40.488 [http-nio-8080-exec-1] DEBUG c.l.e.d.EmpMapper.selectBySelective - ==>  Preparing: select w.empno, w.ename, w.job, w.mgr, w.hiredate, w.sal, w.comm, w.deptno, m.ename mname, d.dname from emp w,emp m, dept d WHERE w.mgr=m.empno and w.deptno=d.deptno LIMIT ?
15:03:40.489 [http-nio-8080-exec-1] DEBUG c.l.e.d.EmpMapper.selectBySelective - ==> Parameters: 5(Integer)
15:03:40.494 [http-nio-8080-exec-1] DEBUG c.l.e.d.EmpMapper.selectBySelective - <==      Total: 5
15:03:42.996 [http-nio-8080-exec-6] DEBUG c.l.e.d.EmpMapper.selectByPrimaryKey - ==>  Preparing: select empno,ename,job, mgr,hiredate,sal, comm,deptno from emp where empno=?
15:03:42.998 [http-nio-8080-exec-6] DEBUG c.l.e.d.EmpMapper.selectByPrimaryKey - ==> Parameters: 8999(Integer)
15:03:43.001 [http-nio-8080-exec-6] DEBUG c.l.e.d.EmpMapper.selectByPrimaryKey - <==      Total: 1
15:06:35.607 [http-nio-8080-exec-1] DEBUG c.l.e.d.E.selectBySelective_COUNT - ==>  Preparing: SELECT count(0) FROM emp w, emp m, dept d WHERE w.mgr = m.empno AND w.deptno = d.deptno
15:06:35.634 [http-nio-8080-exec-1] DEBUG c.l.e.d.E.selectBySelective_COUNT - ==> Parameters: 
15:06:35.656 [http-nio-8080-exec-1] DEBUG c.l.e.d.E.selectBySelective_COUNT - <==      Total: 1
15:06:35.658 [http-nio-8080-exec-1] DEBUG c.l.e.d.EmpMapper.selectBySelective - ==>  Preparing: select w.empno, w.ename, w.job, w.mgr, w.hiredate, w.sal, w.comm, w.deptno, m.ename mname, d.dname from emp w,emp m, dept d WHERE w.mgr=m.empno and w.deptno=d.deptno LIMIT ?
15:06:35.660 [http-nio-8080-exec-1] DEBUG c.l.e.d.EmpMapper.selectBySelective - ==> Parameters: 5(Integer)
15:06:35.664 [http-nio-8080-exec-1] DEBUG c.l.e.d.EmpMapper.selectBySelective - <==      Total: 5
15:06:37.638 [http-nio-8080-exec-5] DEBUG c.l.e.d.EmpMapper.selectByPrimaryKey - ==>  Preparing: select empno,ename,job, mgr,hiredate,sal, comm,deptno from emp where empno=?
15:06:37.639 [http-nio-8080-exec-5] DEBUG c.l.e.d.EmpMapper.selectByPrimaryKey - ==> Parameters: 8999(Integer)
15:06:37.642 [http-nio-8080-exec-5] DEBUG c.l.e.d.EmpMapper.selectByPrimaryKey - <==      Total: 1
15:09:25.028 [http-nio-8080-exec-2] DEBUG c.l.e.d.EmpMapper.selectByPrimaryKey - ==>  Preparing: select empno,ename,job, mgr,hiredate,sal, comm,deptno from emp where empno=?
15:09:25.029 [http-nio-8080-exec-2] DEBUG c.l.e.d.EmpMapper.selectByPrimaryKey - ==> Parameters: 7902(Integer)
15:09:25.033 [http-nio-8080-exec-2] DEBUG c.l.e.d.EmpMapper.selectByPrimaryKey - <==      Total: 1
15:09:48.407 [http-nio-8080-exec-3] DEBUG c.l.e.d.E.selectBySelective_COUNT - ==>  Preparing: SELECT count(0) FROM emp w, emp m, dept d WHERE w.mgr = m.empno AND w.deptno = d.deptno
15:09:48.408 [http-nio-8080-exec-3] DEBUG c.l.e.d.E.selectBySelective_COUNT - ==> Parameters: 
15:09:48.410 [http-nio-8080-exec-3] DEBUG c.l.e.d.E.selectBySelective_COUNT - <==      Total: 1
15:09:48.411 [http-nio-8080-exec-3] DEBUG c.l.e.d.EmpMapper.selectBySelective - ==>  Preparing: select w.empno, w.ename, w.job, w.mgr, w.hiredate, w.sal, w.comm, w.deptno, m.ename mname, d.dname from emp w,emp m, dept d WHERE w.mgr=m.empno and w.deptno=d.deptno LIMIT ?, ?
15:09:48.411 [http-nio-8080-exec-3] DEBUG c.l.e.d.EmpMapper.selectBySelective - ==> Parameters: 15(Integer), 5(Integer)
15:09:48.415 [http-nio-8080-exec-3] DEBUG c.l.e.d.EmpMapper.selectBySelective - <==      Total: 1
15:09:50.947 [http-nio-8080-exec-10] DEBUG c.l.e.d.EmpMapper.selectByPrimaryKey - ==>  Preparing: select empno,ename,job, mgr,hiredate,sal, comm,deptno from emp where empno=?
15:09:50.948 [http-nio-8080-exec-10] DEBUG c.l.e.d.EmpMapper.selectByPrimaryKey - ==> Parameters: 7369(Integer)
15:09:50.952 [http-nio-8080-exec-10] DEBUG c.l.e.d.EmpMapper.selectByPrimaryKey - <==      Total: 1
